f:\qg图形组一轮考核\directx11-with-windows-sdk-master\directx11-with-windows-sdk-master\week3_work2\x64\release\vc143.pdb
f:\qg图形组一轮考核\directx11-with-windows-sdk-master\directx11-with-windows-sdk-master\week3_work2\x64\release\wictextureloader11.obj
f:\qg图形组一轮考核\directx11-with-windows-sdk-master\directx11-with-windows-sdk-master\week3_work2\x64\release\vertex.obj
f:\qg图形组一轮考核\directx11-with-windows-sdk-master\directx11-with-windows-sdk-master\week3_work2\x64\release\transform.obj
f:\qg图形组一轮考核\directx11-with-windows-sdk-master\directx11-with-windows-sdk-master\week3_work2\x64\release\renderstates.obj
f:\qg图形组一轮考核\directx11-with-windows-sdk-master\directx11-with-windows-sdk-master\week3_work2\x64\release\main.obj
f:\qg图形组一轮考核\directx11-with-windows-sdk-master\directx11-with-windows-sdk-master\week3_work2\x64\release\gameapp.obj
f:\qg图形组一轮考核\directx11-with-windows-sdk-master\directx11-with-windows-sdk-master\week3_work2\x64\release\dxtrace.obj
f:\qg图形组一轮考核\directx11-with-windows-sdk-master\directx11-with-windows-sdk-master\week3_work2\x64\release\ddstextureloader11.obj
f:\qg图形组一轮考核\directx11-with-windows-sdk-master\directx11-with-windows-sdk-master\week3_work2\x64\release\d3dutil.obj
f:\qg图形组一轮考核\directx11-with-windows-sdk-master\directx11-with-windows-sdk-master\week3_work2\x64\release\d3dapp.obj
f:\qg图形组一轮考核\directx11-with-windows-sdk-master\directx11-with-windows-sdk-master\week3_work2\x64\release\cputimer.obj
f:\qg图形组一轮考核\directx11-with-windows-sdk-master\directx11-with-windows-sdk-master\week3_work2\x64\release\camera.obj
f:\qg图形组一轮考核\directx11-with-windows-sdk-master\directx11-with-windows-sdk-master\build\x64\release\week3_work2.exe
f:\qg图形组一轮考核\directx11-with-windows-sdk-master\directx11-with-windows-sdk-master\build\x64\release\week3_work2.pdb
f:\qg图形组一轮考核\directx11-with-windows-sdk-master\directx11-with-windows-sdk-master\build\x64\release\week3_work2.lib
f:\qg图形组一轮考核\directx11-with-windows-sdk-master\directx11-with-windows-sdk-master\build\x64\release\week3_work2.exp
f:\qg图形组一轮考核\directx11-with-windows-sdk-master\directx11-with-windows-sdk-master\week3_work2\x64\release\week3_work2.ipdb
f:\qg图形组一轮考核\directx11-with-windows-sdk-master\directx11-with-windows-sdk-master\week3_work2\x64\release\week3_work2.iobj
f:\qg图形组一轮考核\directx11-with-windows-sdk-master\directx11-with-windows-sdk-master\week3_work2\x64\release\week3_work2.tlog\cl.command.1.tlog
f:\qg图形组一轮考核\directx11-with-windows-sdk-master\directx11-with-windows-sdk-master\week3_work2\x64\release\week3_work2.tlog\cl.items.tlog
f:\qg图形组一轮考核\directx11-with-windows-sdk-master\directx11-with-windows-sdk-master\week3_work2\x64\release\week3_work2.tlog\cl.read.1.tlog
f:\qg图形组一轮考核\directx11-with-windows-sdk-master\directx11-with-windows-sdk-master\week3_work2\x64\release\week3_work2.tlog\cl.write.1.tlog
f:\qg图形组一轮考核\directx11-with-windows-sdk-master\directx11-with-windows-sdk-master\week3_work2\x64\release\week3_work2.tlog\link.command.1.tlog
f:\qg图形组一轮考核\directx11-with-windows-sdk-master\directx11-with-windows-sdk-master\week3_work2\x64\release\week3_work2.tlog\link.read.1.tlog
f:\qg图形组一轮考核\directx11-with-windows-sdk-master\directx11-with-windows-sdk-master\week3_work2\x64\release\week3_work2.tlog\link.secondary.1.tlog
f:\qg图形组一轮考核\directx11-with-windows-sdk-master\directx11-with-windows-sdk-master\week3_work2\x64\release\week3_work2.tlog\link.write.1.tlog
